c:\users\wang\desktop\modernopengl\modernopengl\x64\debug\modernopengl.pch
c:\users\wang\desktop\modernopengl\modernopengl\x64\debug\vc141.pdb
c:\users\wang\desktop\modernopengl\modernopengl\x64\debug\vc141.idb
c:\users\wang\desktop\modernopengl\modernopengl\x64\debug\stdafx.obj
c:\users\wang\desktop\modernopengl\modernopengl\x64\debug\shader.obj
c:\users\wang\desktop\modernopengl\modernopengl\x64\debug\modernopengl.obj
c:\users\wang\desktop\modernopengl\modernopengl\x64\debug\texture.obj
c:\users\wang\desktop\modernopengl\modernopengl\x64\debug\basic.obj
c:\users\wang\desktop\modernopengl\modernopengl\x64\debug\lighting.obj
c:\users\wang\desktop\modernopengl\x64\debug\modernopengl.exe
c:\users\wang\desktop\modernopengl\x64\debug\modernopengl.ilk
c:\users\wang\desktop\modernopengl\x64\debug\modernopengl.pdb
c:\users\wang\desktop\modernopengl\modernopengl\x64\debug\modernopengl.tlog\cl.command.1.tlog
c:\users\wang\desktop\modernopengl\modernopengl\x64\debug\modernopengl.tlog\cl.read.1.tlog
c:\users\wang\desktop\modernopengl\modernopengl\x64\debug\modernopengl.tlog\cl.write.1.tlog
c:\users\wang\desktop\modernopengl\modernopengl\x64\debug\modernopengl.tlog\link-cvtres.read.1.tlog
c:\users\wang\desktop\modernopengl\modernopengl\x64\debug\modernopengl.tlog\link-cvtres.write.1.tlog
c:\users\wang\desktop\modernopengl\modernopengl\x64\debug\modernopengl.tlog\link-rc.read.1.tlog
c:\users\wang\desktop\modernopengl\modernopengl\x64\debug\modernopengl.tlog\link-rc.write.1.tlog
c:\users\wang\desktop\modernopengl\modernopengl\x64\debug\modernopengl.tlog\link.16984-cvtres.read.1.tlog
c:\users\wang\desktop\modernopengl\modernopengl\x64\debug\modernopengl.tlog\link.16984-cvtres.write.1.tlog
c:\users\wang\desktop\modernopengl\modernopengl\x64\debug\modernopengl.tlog\link.16984-rc.read.1.tlog
c:\users\wang\desktop\modernopengl\modernopengl\x64\debug\modernopengl.tlog\link.16984-rc.write.1.tlog
c:\users\wang\desktop\modernopengl\modernopengl\x64\debug\modernopengl.tlog\link.16984.read.1.tlog
c:\users\wang\desktop\modernopengl\modernopengl\x64\debug\modernopengl.tlog\link.16984.write.1.tlog
c:\users\wang\desktop\modernopengl\modernopengl\x64\debug\modernopengl.tlog\link.command.1.tlog
c:\users\wang\desktop\modernopengl\modernopengl\x64\debug\modernopengl.tlog\link.read.1.tlog
c:\users\wang\desktop\modernopengl\modernopengl\x64\debug\modernopengl.tlog\link.write.1.tlog
